Executing Query Suit Generation
Executing Query Starting Deck
Executing Query Rank Generation
Executing Query Rank Generation
Executing Query Rank Generation
Executing Query Rank Generation
Executing Query Top Half
Executing Query Bottom Half
Executing Query shuffle
Executing Query Top Half
Executing Query Bottom Half
Executing Query shuffle
Executing Query Top Half
Executing Query Bottom Half
Executing Query shuffle
Executing Query Top Half
Executing Query Bottom Half
Executing Query shuffle
Executing Query Top Half
Executing Query Bottom Half
Executing Query shuffle
Executing Query Top Half
Executing Query Bottom Half
Executing Query shuffle
Executing Query Top Half
Executing Query Bottom Half
Executing Query shuffle
Executing Query Top Half
Executing Query Bottom Half
Executing Query shuffle
